0 info it worked if it ends with ok
1 verbose cli [ '/usr/bin/nodejs',
1 verbose cli   '/usr/bin/npm',
1 verbose cli   'install',
1 verbose cli   '-g',
1 verbose cli   '@angular/cli@latest' ]
2 info using npm@1.3.10
3 info using node@v0.10.25
4 verbose cache add [ '@angular/cli@latest', null ]
5 verbose cache add name=undefined spec="@angular/cli@latest" args=["@angular/cli@latest",null]
6 verbose parsed url { protocol: null,
6 verbose parsed url   slashes: null,
6 verbose parsed url   auth: null,
6 verbose parsed url   host: null,
6 verbose parsed url   port: null,
6 verbose parsed url   hostname: null,
6 verbose parsed url   hash: null,
6 verbose parsed url   search: null,
6 verbose parsed url   query: null,
6 verbose parsed url   pathname: '@angular/cli@latest',
6 verbose parsed url   path: '@angular/cli@latest',
6 verbose parsed url   href: '@angular/cli@latest' }
7 verbose cache add name="" spec="angular/cli@latest" args=["","angular/cli@latest"]
8 verbose parsed url { protocol: null,
8 verbose parsed url   slashes: null,
8 verbose parsed url   auth: null,
8 verbose parsed url   host: null,
8 verbose parsed url   port: null,
8 verbose parsed url   hostname: null,
8 verbose parsed url   hash: null,
8 verbose parsed url   search: null,
8 verbose parsed url   query: null,
8 verbose parsed url   pathname: 'angular/cli@latest',
8 verbose parsed url   path: 'angular/cli@latest',
8 verbose parsed url   href: 'angular/cli@latest' }
9 verbose cache add name="angular/cli" spec="latest" args=["angular/cli","latest"]
10 verbose parsed url { protocol: null,
10 verbose parsed url   slashes: null,
10 verbose parsed url   auth: null,
10 verbose parsed url   host: null,
10 verbose parsed url   port: null,
10 verbose parsed url   hostname: null,
10 verbose parsed url   hash: null,
10 verbose parsed url   search: null,
10 verbose parsed url   query: null,
10 verbose parsed url   pathname: 'latest',
10 verbose parsed url   path: 'latest',
10 verbose parsed url   href: 'latest' }
11 verbose addNamed [ 'angular/cli', 'latest' ]
12 verbose addNamed [ null, null ]
13 silly lockFile 09a3b3c2-angular-cli-latest angular/cli@latest
14 verbose lock angular/cli@latest /home/jessica/.npm/09a3b3c2-angular-cli-latest.lock
15 info addNameTag [ 'angular/cli', 'latest' ]
16 verbose url raw angular/cli
17 verbose url resolving [ 'https://registry.npmjs.org/', './angular/cli' ]
18 verbose url resolved https://registry.npmjs.org/angular/cli
19 info trying registry request attempt 1 at 12:05:02
20 http GET https://registry.npmjs.org/angular/cli
21 http 405 https://registry.npmjs.org/angular/cli
22 silly registry.get cb [ 405,
22 silly registry.get   { date: 'Wed, 23 Jan 2019 11:05:02 GMT',
22 silly registry.get     'content-type': 'application/json',
22 silly registry.get     'content-length': '63',
22 silly registry.get     connection: 'keep-alive',
22 silly registry.get     'set-cookie': [ '__cfduid=d8ec38ef760ea7c8b6b458e45e872d03d1548241502; expires=Thu, 23-Jan-20 11:05:02 GMT; path=/; domain=.registry.npmjs.org; HttpOnly' ],
22 silly registry.get     'cf-ray': '49d9c86edb82c685-MAD',
22 silly registry.get     allow: 'PUT',
22 silly registry.get     'expect-ct': 'max-age=604800, report-uri="https://report-uri.cloudflare.com/cdn-cgi/beacon/expect-ct"',
22 silly registry.get     server: 'cloudflare' } ]
23 error TypeError: Object.keys called on non-object
23 error     at Function.keys (native)
23 error     at installTargetsError (/usr/share/npm/lib/cache.js:708:24)
23 error     at /usr/share/npm/lib/cache.js:638:10
23 error     at saved (/usr/share/npm/node_modules/npm-registry-client/lib/get.js:142:7)
23 error     at /usr/lib/nodejs/graceful-fs/polyfills.js:133:7
23 error     at Object.oncomplete (fs.js:107:15)
24 error If you need help, you may report this log at:
24 error     <http://github.com/isaacs/npm/issues>
24 error or email it to:
24 error     <npm-@googlegroups.com>
25 error System Linux 3.13.0-32-generic
26 error command "/usr/bin/nodejs" "/usr/bin/npm" "install" "-g" "@angular/cli@latest"
27 error cwd /home/jessica/Escritorio/Front/cenurbFront
28 error node -v v0.10.25
29 error npm -v 1.3.10
30 error type called_on_non_object
31 verbose exit [ 1, true ]
